<?xml version="1.0" encoding="UTF-8"?>
<testsuite xmlns:xsi="http://www.w3.org/2001/XMLSchema-instance" xsi:noNamespaceSchemaLocation="https://maven.apache.org/surefire/maven-failsafe-plugin/xsd/failsafe-test-report.xsd" name="br.com.correios.runner.ExecutarTest" time="266.049" tests="1" errors="0" skipped="0" failures="0">
  <properties>
    <property name="sun.desktop" value="windows"/>
    <property name="awt.toolkit" value="sun.awt.windows.WToolkit"/>
    <property name="file.encoding.pkg" value="sun.io"/>
    <property name="java.specification.version" value="1.8"/>
    <property name="webdriver.chrome.driver" value="C:\Users\Public\chromedriver.exe"/>
    <property name="sun.cpu.isalist" value="amd64"/>
    <property name="sun.jnu.encoding" value="Cp1252"/>
    <property name="java.class.path" value="C:\Users\renan.apolinario\Desktop\Workspace\TestCorreios\target\test-classes;C:\Users\renan.apolinario\Desktop\Workspace\TestCorreios\target\Correios-1.0.jar;C:\Users\renan.apolinario\.m2\repository\net\serenity-bdd\serenity-core\1.3.0\serenity-core-1.3.0.jar;C:\Users\renan.apolinario\.m2\repository\com\google\guava\guava\21.0\guava-21.0.jar;C:\Users\renan.apolinario\.m2\repository\com\google\code\findbugs\jsr305\3.0.1\jsr305-3.0.1.jar;C:\Users\renan.apolinario\.m2\repository\com\google\inject\guice\3.0\guice-3.0.jar;C:\Users\renan.apolinario\.m2\repository\javax\inject\javax.inject\1\javax.inject-1.jar;C:\Users\renan.apolinario\.m2\repository\aopalliance\aopalliance\1.0\aopalliance-1.0.jar;C:\Users\renan.apolinario\.m2\repository\cglib\cglib\3.1\cglib-3.1.jar;C:\Users\renan.apolinario\.m2\repository\org\ow2\asm\asm\5.0.3\asm-5.0.3.jar;C:\Users\renan.apolinario\.m2\repository\commons-codec\commons-codec\1.10\commons-codec-1.10.jar;C:\Users\renan.apolinario\.m2\repository\org\objenesis\objenesis\2.1\objenesis-2.1.jar;C:\Users\renan.apolinario\.m2\repository\org\slf4j\slf4j-api\1.7.22\slf4j-api-1.7.22.jar;C:\Users\renan.apolinario\.m2\repository\xml-apis\xml-apis\1.4.01\xml-apis-1.4.01.jar;C:\Users\renan.apolinario\.m2\repository\info\cukes\cucumber-core\1.2.5\cucumber-core-1.2.5.jar;C:\Users\renan.apolinario\.m2\repository\info\cukes\cucumber-html\0.2.3\cucumber-html-0.2.3.jar;C:\Users\renan.apolinario\.m2\repository\info\cukes\cucumber-jvm-deps\1.0.5\cucumber-jvm-deps-1.0.5.jar;C:\Users\renan.apolinario\.m2\repository\info\cukes\gherkin\2.12.2\gherkin-2.12.2.jar;C:\Users\renan.apolinario\.m2\repository\commons-logging\commons-logging\1.2\commons-logging-1.2.jar;C:\Users\renan.apolinario\.m2\repository\org\mockito\mockito-core\1.10.19\mockito-core-1.10.19.jar;C:\Users\renan.apolinario\.m2\repository\net\bytebuddy\byte-buddy\1.6.12\byte-buddy-1.6.12.jar;C:\Users\renan.apolinario\.m2\repository\com\google\code\gson\gson\2.8.0\gson-2.8.0.jar;C:\Users\renan.apolinario\.m2\repository\commons-io\commons-io\2.5\commons-io-2.5.jar;C:\Users\renan.apolinario\.m2\repository\com\opera\operadriver\1.5\operadriver-1.5.jar;C:\Users\renan.apolinario\.m2\repository\com\opera\operalaunchers\1.1\operalaunchers-1.1.jar;C:\Users\renan.apolinario\.m2\repository\com\google\protobuf\protobuf-java\2.4.1\protobuf-java-2.4.1.jar;C:\Users\renan.apolinario\.m2\repository\commons-jxpath\commons-jxpath\1.3\commons-jxpath-1.3.jar;C:\Users\renan.apolinario\.m2\repository\org\ini4j\ini4j\0.5.2\ini4j-0.5.2.jar;C:\Users\renan.apolinario\.m2\repository\com\codeborne\phantomjsdriver\1.2.1\phantomjsdriver-1.2.1.jar;C:\Users\renan.apolinario\.m2\repository\org\seleniumhq\selenium\htmlunit-driver\2.21\htmlunit-driver-2.21.jar;C:\Users\renan.apolinario\.m2\repository\io\appium\java-client\4.0.0\java-client-4.0.0.jar;C:\Users\renan.apolinario\.m2\repository\commons-validator\commons-validator\1.5.0\commons-validator-1.5.0.jar;C:\Users\renan.apolinario\.m2\repository\commons-beanutils\commons-beanutils\1.9.3\commons-beanutils-1.9.3.jar;C:\Users\renan.apolinario\.m2\repository\commons-digester\commons-digester\2.1\commons-digester-2.1.jar;C:\Users\renan.apolinario\.m2\repository\org\codehaus\groovy\groovy\2.4.7\groovy-2.4.7.jar;C:\Users\renan.apolinario\.m2\repository\net\sf\opencsv\opencsv\2.0\opencsv-2.0.jar;C:\Users\renan.apolinario\.m2\repository\commons-beanutils\commons-beanutils-core\1.8.3\commons-beanutils-core-1.8.3.jar;C:\Users\renan.apolinario\.m2\repository\com\googlecode\lambdaj\lambdaj\2.3.3\lambdaj-2.3.3.jar;C:\Users\renan.apolinario\.m2\repository\joda-time\joda-time\2.9.7\joda-time-2.9.7.jar;C:\Users\renan.apolinario\.m2\repository\com\thoughtworks\xstream\xstream\1.4.9\xstream-1.4.9.jar;C:\Users\renan.apolinario\.m2\repository\xmlpull\xmlpull\1.1.3.1\xmlpull-1.1.3.1.jar;C:\Users\renan.apolinario\.m2\repository\xpp3\xpp3_min\1.1.4c\xpp3_min-1.1.4c.jar;C:\Users\renan.apolinario\.m2\repository\org\apache\commons\commons-lang3\3.4\commons-lang3-3.4.jar;C:\Users\renan.apolinario\.m2\repository\commons-collections\commons-collections\3.2.2\commons-collections-3.2.2.jar;C:\Users\renan.apolinario\.m2\repository\org\freemarker\freemarker\2.3.25-incubating\freemarker-2.3.25-incubating.jar;C:\Users\renan.apolinario\.m2\repository\net\sourceforge\jexcelapi\jxl\2.6.12\jxl-2.6.12.jar;C:\Users\renan.apolinario\.m2\repository\org\hamcrest\hamcrest-core\1.3\hamcrest-core-1.3.jar;C:\Users\renan.apolinario\.m2\repository\org\hamcrest\hamcrest-library\1.3\hamcrest-library-1.3.jar;C:\Users\renan.apolinario\.m2\repository\net\sourceforge\htmlunit\htmlunit\2.21\htmlunit-2.21.jar;C:\Users\renan.apolinario\.m2\repository\net\sourceforge\htmlunit\htmlunit-core-js\2.17\htmlunit-core-js-2.17.jar;C:\Users\renan.apolinario\.m2\repository\net\sourceforge\htmlunit\neko-htmlunit\2.21\neko-htmlunit-2.21.jar;C:\Users\renan.apolinario\.m2\repository\xerces\xercesImpl\2.11.0\xercesImpl-2.11.0.jar;C:\Users\renan.apolinario\.m2\repository\net\sourceforge\cssparser\cssparser\0.9.18\cssparser-0.9.18.jar;C:\Users\renan.apolinario\.m2\repository\org\w3c\css\sac\1.3\sac-1.3.jar;C:\Users\renan.apolinario\.m2\repository\org\eclipse\jetty\websocket\websocket-client\9.4.1.v20170120\websocket-client-9.4.1.v20170120.jar;C:\Users\renan.apolinario\.m2\repository\org\eclipse\jetty\jetty-util\9.4.1.v20170120\jetty-util-9.4.1.v20170120.jar;C:\Users\renan.apolinario\.m2\repository\org\eclipse\jetty\jetty-io\9.4.1.v20170120\jetty-io-9.4.1.v20170120.jar;C:\Users\renan.apolinario\.m2\repository\org\eclipse\jetty\jetty-client\9.4.1.v20170120\jetty-client-9.4.1.v20170120.jar;C:\Users\renan.apolinario\.m2\repository\org\eclipse\jetty\jetty-http\9.4.1.v20170120\jetty-http-9.4.1.v20170120.jar;C:\Users\renan.apolinario\.m2\repository\org\eclipse\jetty\websocket\websocket-common\9.4.1.v20170120\websocket-common-9.4.1.v20170120.jar;C:\Users\renan.apolinario\.m2\repository\org\eclipse\jetty\websocket\websocket-api\9.4.1.v20170120\websocket-api-9.4.1.v20170120.jar;C:\Users\renan.apolinario\.m2\repository\org\apache\httpcomponents\httpclient\4.5.2\httpclient-4.5.2.jar;C:\Users\renan.apolinario\.m2\repository\org\apache\httpcomponents\httpcore\4.4.6\httpcore-4.4.6.jar;C:\Users\renan.apolinario\.m2\repository\org\apache\httpcomponents\httpmime\4.5.2\httpmime-4.5.2.jar;C:\Users\renan.apolinario\.m2\repository\org\fluentlenium\fluentlenium-core\0.10.2\fluentlenium-core-0.10.2.jar;C:\Users\renan.apolinario\.m2\repository\com\jhlabs\filters\2.0.235\filters-2.0.235.jar;C:\Users\renan.apolinario\.m2\repository\org\asciidoctor\asciidoctor-java-integration\0.1.4\asciidoctor-java-integration-0.1.4.jar;C:\Users\renan.apolinario\.m2\repository\org\jruby\jruby-complete\1.7.4\jruby-complete-1.7.4.jar;C:\Users\renan.apolinario\.m2\repository\org\imgscalr\imgscalr-lib\4.2\imgscalr-lib-4.2.jar;C:\Users\renan.apolinario\.m2\repository\javax\validation\validation-api\1.1.0.Final\validation-api-1.1.0.Final.jar;C:\Users\renan.apolinario\.m2\repository\org\hibernate\hibernate-validator\5.3.4.Final\hibernate-validator-5.3.4.Final.jar;C:\Users\renan.apolinario\.m2\repository\org\jboss\logging\jboss-logging\3.3.0.Final\jboss-logging-3.3.0.Final.jar;C:\Users\renan.apolinario\.m2\repository\com\fasterxml\classmate\1.3.3\classmate-1.3.3.jar;C:\Users\renan.apolinario\.m2\repository\javax\el\javax.el-api\2.2.4\javax.el-api-2.2.4.jar;C:\Users\renan.apolinario\.m2\repository\org\glassfish\web\javax.el\2.2.4\javax.el-2.2.4.jar;C:\Users\renan.apolinario\.m2\repository\xalan\xalan\2.7.2\xalan-2.7.2.jar;C:\Users\renan.apolinario\.m2\repository\xalan\serializer\2.7.2\serializer-2.7.2.jar;C:\Users\renan.apolinario\.m2\repository\com\jayway\awaitility\awaitility\1.6.3\awaitility-1.6.3.jar;C:\Users\renan.apolinario\.m2\repository\com\typesafe\config\1.2.1\config-1.2.1.jar;C:\Users\renan.apolinario\.m2\repository\org\jsoup\jsoup\1.9.2\jsoup-1.9.2.jar;C:\Users\renan.apolinario\.m2\repository\com\google\jimfs\jimfs\1.0\jimfs-1.0.jar;C:\Users\renan.apolinario\.m2\repository\es\nitaur\markdown\txtmark\0.16\txtmark-0.16.jar;C:\Users\renan.apolinario\.m2\repository\net\serenity-bdd\serenity-report-resources\1.3.0\serenity-report-resources-1.3.0.jar;C:\Users\renan.apolinario\.m2\repository\net\serenity-bdd\serenity-cucumber\1.0.3\serenity-cucumber-1.0.3.jar;C:\Users\renan.apolinario\.m2\repository\net\serenity-bdd\core\1.0.16\core-1.0.16.jar;C:\Users\renan.apolinario\.m2\repository\com\fasterxml\jackson\datatype\jackson-datatype-joda\2.8.6\jackson-datatype-joda-2.8.6.jar;C:\Users\renan.apolinario\.m2\repository\com\fasterxml\jackson\datatype\jackson-datatype-guava\2.8.6\jackson-datatype-guava-2.8.6.jar;C:\Users\renan.apolinario\.m2\repository\com\github\detro\phantomjsdriver\1.2.0\phantomjsdriver-1.2.0.jar;C:\Users\renan.apolinario\.m2\repository\net\sf\flexjson\flexjson\2.1\flexjson-2.1.jar;C:\Users\renan.apolinario\.m2\repository\asm\asm\3.3.1\asm-3.3.1.jar;C:\Users\renan.apolinario\.m2\repository\info\cukes\cucumber-java\1.2.0\cucumber-java-1.2.0.jar;C:\Users\renan.apolinario\.m2\repository\info\cukes\cucumber-junit\1.2.0\cucumber-junit-1.2.0.jar;C:\Users\renan.apolinario\.m2\repository\org\reflections\reflections\0.9.8\reflections-0.9.8.jar;C:\Users\renan.apolinario\.m2\repository\javassist\javassist\3.12.1.GA\javassist-3.12.1.GA.jar;C:\Users\renan.apolinario\.m2\repository\dom4j\dom4j\1.6.1\dom4j-1.6.1.jar;C:\Users\renan.apolinario\.m2\repository\net\serenity-bdd\serenity-spring\1.3.0\serenity-spring-1.3.0.jar;C:\Users\renan.apolinario\.m2\repository\net\serenity-bdd\serenity-junit\1.3.0\serenity-junit-1.3.0.jar;C:\Users\renan.apolinario\.m2\repository\org\springframework\spring-test\4.2.2.RELEASE\spring-test-4.2.2.RELEASE.jar;C:\Users\renan.apolinario\.m2\repository\org\springframework\spring-core\4.2.2.RELEASE\spring-core-4.2.2.RELEASE.jar;C:\Users\renan.apolinario\.m2\repository\org\springframework\spring-context\4.2.2.RELEASE\spring-context-4.2.2.RELEASE.jar;C:\Users\renan.apolinario\.m2\repository\org\springframework\spring-aop\4.2.2.RELEASE\spring-aop-4.2.2.RELEASE.jar;C:\Users\renan.apolinario\.m2\repository\org\springframework\spring-beans\4.2.2.RELEASE\spring-beans-4.2.2.RELEASE.jar;C:\Users\renan.apolinario\.m2\repository\org\springframework\spring-expression\4.2.2.RELEASE\spring-expression-4.2.2.RELEASE.jar;C:\Users\renan.apolinario\.m2\repository\org\springframework\spring-context-support\4.2.2.RELEASE\spring-context-support-4.2.2.RELEASE.jar;C:\Users\renan.apolinario\.m2\repository\org\slf4j\slf4j-simple\1.6.1\slf4j-simple-1.6.1.jar;C:\Users\renan.apolinario\.m2\repository\junit\junit\4.11\junit-4.11.jar;C:\Users\renan.apolinario\.m2\repository\org\assertj\assertj-core\1.7.0\assertj-core-1.7.0.jar;C:\Users\renan.apolinario\.m2\repository\org\seleniumhq\selenium\selenium-server\3.0.1\selenium-server-3.0.1.jar;C:\Users\renan.apolinario\.m2\repository\org\seleniumhq\selenium\selenium-java\2.53.1\selenium-java-2.53.1.jar;C:\Users\renan.apolinario\.m2\repository\org\seleniumhq\selenium\selenium-chrome-driver\2.53.1\selenium-chrome-driver-2.53.1.jar;C:\Users\renan.apolinario\.m2\repository\org\seleniumhq\selenium\selenium-remote-driver\2.53.1\selenium-remote-driver-2.53.1.jar;C:\Users\renan.apolinario\.m2\repository\org\seleniumhq\selenium\selenium-api\2.53.1\selenium-api-2.53.1.jar;C:\Users\renan.apolinario\.m2\repository\org\seleniumhq\selenium\selenium-edge-driver\2.53.1\selenium-edge-driver-2.53.1.jar;C:\Users\renan.apolinario\.m2\repository\org\apache\commons\commons-exec\1.3\commons-exec-1.3.jar;C:\Users\renan.apolinario\.m2\repository\org\seleniumhq\selenium\selenium-firefox-driver\2.53.1\selenium-firefox-driver-2.53.1.jar;C:\Users\renan.apolinario\.m2\repository\org\seleniumhq\selenium\selenium-ie-driver\2.53.1\selenium-ie-driver-2.53.1.jar;C:\Users\renan.apolinario\.m2\repository\net\java\dev\jna\jna\4.2.2\jna-4.2.2.jar;C:\Users\renan.apolinario\.m2\repository\net\java\dev\jna\jna-platform\4.1.0\jna-platform-4.1.0.jar;C:\Users\renan.apolinario\.m2\repository\org\seleniumhq\selenium\selenium-safari-driver\2.53.1\selenium-safari-driver-2.53.1.jar;C:\Users\renan.apolinario\.m2\repository\io\netty\netty\3.5.7.Final\netty-3.5.7.Final.jar;C:\Users\renan.apolinario\.m2\repository\org\seleniumhq\selenium\selenium-support\2.53.1\selenium-support-2.53.1.jar;C:\Users\renan.apolinario\.m2\repository\org\seleniumhq\selenium\selenium-leg-rc\2.53.1\selenium-leg-rc-2.53.1.jar;C:\Users\renan.apolinario\.m2\repository\com\beust\jcommander\1.48\jcommander-1.48.jar;C:\Users\renan.apolinario\.m2\repository\net\jcip\jcip-annotations\1.0\jcip-annotations-1.0.jar;C:\Users\renan.apolinario\.m2\repository\org\seleniumhq\selenium\jetty-repacked\9.2.13.v20160825\jetty-repacked-9.2.13.v20160825.jar;C:\Users\renan.apolinario\.m2\repository\javax\servlet\javax.servlet-api\3.1.0\javax.servlet-api-3.1.0.jar;C:\Users\renan.apolinario\.m2\repository\org\yaml\snakeyaml\1.17\snakeyaml-1.17.jar;C:\Users\renan.apolinario\.m2\repository\io\openbdt\openbdt.core\1.0\openbdt.core-1.0.jar;C:\Users\renan.apolinario\.m2\repository\org\springframework\boot\spring-boot-starter-web\1.5.1.RELEASE\spring-boot-starter-web-1.5.1.RELEASE.jar;C:\Users\renan.apolinario\.m2\repository\org\springframework\boot\spring-boot-starter\1.5.1.RELEASE\spring-boot-starter-1.5.1.RELEASE.jar;C:\Users\renan.apolinario\.m2\repository\org\springframework\boot\spring-boot\1.5.1.RELEASE\spring-boot-1.5.1.RELEASE.jar;C:\Users\renan.apolinario\.m2\repository\org\springframework\boot\spring-boot-autoconfigure\1.5.1.RELEASE\spring-boot-autoconfigure-1.5.1.RELEASE.jar;C:\Users\renan.apolinario\.m2\repository\org\springframework\boot\spring-boot-starter-logging\1.5.1.RELEASE\spring-boot-starter-logging-1.5.1.RELEASE.jar;C:\Users\renan.apolinario\.m2\repository\ch\qos\logback\logback-classic\1.1.9\logback-classic-1.1.9.jar;C:\Users\renan.apolinario\.m2\repository\ch\qos\logback\logback-core\1.1.9\logback-core-1.1.9.jar;C:\Users\renan.apolinario\.m2\repository\org\slf4j\jcl-over-slf4j\1.7.22\jcl-over-slf4j-1.7.22.jar;C:\Users\renan.apolinario\.m2\repository\org\slf4j\jul-to-slf4j\1.7.22\jul-to-slf4j-1.7.22.jar;C:\Users\renan.apolinario\.m2\repository\org\slf4j\log4j-over-slf4j\1.7.22\log4j-over-slf4j-1.7.22.jar;C:\Users\renan.apolinario\.m2\repository\org\springframework\boot\spring-boot-starter-tomcat\1.5.1.RELEASE\spring-boot-starter-tomcat-1.5.1.RELEASE.jar;C:\Users\renan.apolinario\.m2\repository\org\apache\tomcat\embed\tomcat-embed-core\8.5.11\tomcat-embed-core-8.5.11.jar;C:\Users\renan.apolinario\.m2\repository\org\apache\tomcat\embed\tomcat-embed-el\8.5.11\tomcat-embed-el-8.5.11.jar;C:\Users\renan.apolinario\.m2\repository\org\apache\tomcat\embed\tomcat-embed-websocket\8.5.11\tomcat-embed-websocket-8.5.11.jar;C:\Users\renan.apolinario\.m2\repository\org\springframework\spring-web\4.2.2.RELEASE\spring-web-4.2.2.RELEASE.jar;C:\Users\renan.apolinario\.m2\repository\org\springframework\spring-webmvc\4.2.2.RELEASE\spring-webmvc-4.2.2.RELEASE.jar;C:\Users\renan.apolinario\.m2\repository\org\springframework\boot\spring-boot-starter-test\1.5.1.RELEASE\spring-boot-starter-test-1.5.1.RELEASE.jar;C:\Users\renan.apolinario\.m2\repository\org\springframework\boot\spring-boot-test\1.5.1.RELEASE\spring-boot-test-1.5.1.RELEASE.jar;C:\Users\renan.apolinario\.m2\repository\org\springframework\boot\spring-boot-test-autoconfigure\1.5.1.RELEASE\spring-boot-test-autoconfigure-1.5.1.RELEASE.jar;C:\Users\renan.apolinario\.m2\repository\com\jayway\jsonpath\json-path\2.2.0\json-path-2.2.0.jar;C:\Users\renan.apolinario\.m2\repository\net\minidev\json-smart\2.2.1\json-smart-2.2.1.jar;C:\Users\renan.apolinario\.m2\repository\net\minidev\accessors-smart\1.1\accessors-smart-1.1.jar;C:\Users\renan.apolinario\.m2\repository\org\skyscreamer\jsonassert\1.4.0\jsonassert-1.4.0.jar;C:\Users\renan.apolinario\.m2\repository\com\vaadin\external\google\android-json\0.0.20131108.vaadin1\android-json-0.0.20131108.vaadin1.jar;C:\Users\renan.apolinario\.m2\repository\info\cukes\cucumber-spring\1.2.5\cucumber-spring-1.2.5.jar;C:\Users\renan.apolinario\.m2\repository\org\hamcrest\hamcrest-all\1.3\hamcrest-all-1.3.jar;C:\Users\renan.apolinario\.m2\repository\io\openbdt\openbdt.adapter.selenium\1.0\openbdt.adapter.selenium-1.0.jar;C:\Users\renan.apolinario\.m2\repository\io\openbdt\openbdt.plugin.maven\1.0\openbdt.plugin.maven-1.0.jar;C:\Users\renan.apolinario\.m2\repository\org\apache\maven\maven-plugin-api\2.0\maven-plugin-api-2.0.jar;C:\Users\renan.apolinario\.m2\repository\org\codehaus\plexus\plexus-utils\3.0.24\plexus-utils-3.0.24.jar;C:\Users\renan.apolinario\.m2\repository\io\openbdt\openbdt.report\1.0\openbdt.report-1.0.jar;C:\Users\renan.apolinario\.m2\repository\org\apache\velocity\velocity\1.7\velocity-1.7.jar;C:\Users\renan.apolinario\.m2\repository\commons-lang\commons-lang\2.4\commons-lang-2.4.jar;C:\Users\renan.apolinario\.m2\repository\velocity-tools\velocity-tools\1.4\velocity-tools-1.4.jar;C:\Users\renan.apolinario\.m2\repository\com\googlecode\owasp-java-html-sanitizer\owasp-java-html-sanitizer\20170515.1\owasp-java-html-sanitizer-20170515.1.jar;C:\Users\renan.apolinario\.m2\repository\com\fasterxml\jackson\core\jackson-databind\2.9.0\jackson-databind-2.9.0.jar;C:\Users\renan.apolinario\.m2\repository\com\fasterxml\jackson\core\jackson-annotations\2.8.0\jackson-annotations-2.8.0.jar;C:\Users\renan.apolinario\.m2\repository\com\fasterxml\jackson\core\jackson-core\2.8.6\jackson-core-2.8.6.jar;C:\Users\renan.apolinario\.m2\repository\org\apache\maven\plugins\maven-archetype-plugin\3.0.1\maven-archetype-plugin-3.0.1.jar;C:\Users\renan.apolinario\.m2\repository\org\apache\maven\archetype\archetype-catalog\3.0.1\archetype-catalog-3.0.1.jar;C:\Users\renan.apolinario\.m2\repository\org\apache\maven\archetype\archetype-descriptor\3.0.1\archetype-descriptor-3.0.1.jar;C:\Users\renan.apolinario\.m2\repository\org\apache\maven\archetype\archetype-common\3.0.1\archetype-common-3.0.1.jar;C:\Users\renan.apolinario\.m2\repository\net\sourceforge\jchardet\jchardet\1.0\jchardet-1.0.jar;C:\Users\renan.apolinario\.m2\repository\org\codehaus\plexus\plexus-component-annotations\1.5.5\plexus-component-annotations-1.5.5.jar;C:\Users\renan.apolinario\.m2\repository\jdom\jdom\1.0\jdom-1.0.jar;C:\Users\renan.apolinario\.m2\repository\org\apache\maven\maven-artifact\3.0\maven-artifact-3.0.jar;C:\Users\renan.apolinario\.m2\repository\org\apache\maven\maven-settings-builder\3.0\maven-settings-builder-3.0.jar;C:\Users\renan.apolinario\.m2\repository\org\codehaus\plexus\plexus-velocity\1.1.8\plexus-velocity-1.1.8.jar;C:\Users\renan.apolinario\.m2\repository\org\apache\maven\wagon\wagon-provider-api\2.8\wagon-provider-api-2.8.jar;C:\Users\renan.apolinario\.m2\repository\org\codehaus\plexus\plexus-interactivity-api\1.0-alpha-6\plexus-interactivity-api-1.0-alpha-6.jar;C:\Users\renan.apolinario\.m2\repository\org\apache\maven\maven-core\3.0\maven-core-3.0.jar;C:\Users\renan.apolinario\.m2\repository\org\apache\maven\maven-repository-metadata\3.0\maven-repository-metadata-3.0.jar;C:\Users\renan.apolinario\.m2\repository\org\apache\maven\maven-model-builder\3.0\maven-model-builder-3.0.jar;C:\Users\renan.apolinario\.m2\repository\org\apache\maven\maven-aether-provider\3.0\maven-aether-provider-3.0.jar;C:\Users\renan.apolinario\.m2\repository\org\sonatype\aether\aether-impl\1.7\aether-impl-1.7.jar;C:\Users\renan.apolinario\.m2\repository\org\sonatype\aether\aether-spi\1.7\aether-spi-1.7.jar;C:\Users\renan.apolinario\.m2\repository\org\sonatype\aether\aether-api\1.7\aether-api-1.7.jar;C:\Users\renan.apolinario\.m2\repository\org\sonatype\aether\aether-util\1.7\aether-util-1.7.jar;C:\Users\renan.apolinario\.m2\repository\org\sonatype\sisu\sisu-inject-plexus\1.4.2\sisu-inject-plexus-1.4.2.jar;C:\Users\renan.apolinario\.m2\repository\org\sonatype\sisu\sisu-inject-bean\1.4.2\sisu-inject-bean-1.4.2.jar;C:\Users\renan.apolinario\.m2\repository\org\sonatype\sisu\sisu-guice\2.1.7\sisu-guice-2.1.7-noaop.jar;C:\Users\renan.apolinario\.m2\repository\org\codehaus\plexus\plexus-interpolation\1.14\plexus-interpolation-1.14.jar;C:\Users\renan.apolinario\.m2\repository\org\codehaus\plexus\plexus-classworlds\2.2.3\plexus-classworlds-2.2.3.jar;C:\Users\renan.apolinario\.m2\repository\org\sonatype\plexus\plexus-sec-dispatcher\1.3\plexus-sec-dispatcher-1.3.jar;C:\Users\renan.apolinario\.m2\repository\org\sonatype\plexus\plexus-cipher\1.4\plexus-cipher-1.4.jar;C:\Users\renan.apolinario\.m2\repository\org\apache\maven\maven-model\3.0\maven-model-3.0.jar;C:\Users\renan.apolinario\.m2\repository\org\apache\maven\maven-settings\3.0\maven-settings-3.0.jar;C:\Users\renan.apolinario\.m2\repository\org\apache\maven\shared\maven-invoker\2.2\maven-invoker-2.2.jar;C:\Users\renan.apolinario\.m2\repository\org\apache\maven\shared\maven-artifact-transfer\0.9.0\maven-artifact-transfer-0.9.0.jar;C:\Users\renan.apolinario\.m2\repository\org\apache\maven\shared\maven-common-artifact-filters\3.0.0\maven-common-artifact-filters-3.0.0.jar;C:\Users\renan.apolinario\.m2\repository\org\apache\maven\shared\maven-shared-utils\3.0.0\maven-shared-utils-3.0.0.jar;C:\Users\renan.apolinario\.m2\repository\org\apache\maven\shared\maven-script-interpreter\1.0\maven-script-interpreter-1.0.jar;C:\Users\renan.apolinario\.m2\repository\org\beanshell\bsh\2.0b4\bsh-2.0b4.jar;C:\Users\renan.apolinario\.m2\repository\org\apache\ant\ant\1.8.1\ant-1.8.1.jar;C:\Users\renan.apolinario\.m2\repository\org\awaitility\awaitility\2.0.0\awaitility-2.0.0.jar;C:\Users\renan.apolinario\.m2\repository\cglib\cglib-nodep\3.1\cglib-nodep-3.1.jar;"/>
    <property name="java.vm.vendor" value="Oracle Corporation"/>
    <property name="sun.arch.data.model" value="64"/>
    <property name="user.variant" value=""/>
    <property name="java.vendor.url" value="http://java.oracle.com/"/>
    <property name="user.timezone" value="America/Sao_Paulo"/>
    <property name="java.vm.specification.version" value="1.8"/>
    <property name="os.name" value="Windows 7"/>
    <property name="user.country" value="BR"/>
    <property name="sun.java.launcher" value="SUN_STANDARD"/>
    <property name="sun.boot.library.path" value="C:\Program Files\Java\jdk1.8.0_151\jre\bin"/>
    <property name="sun.java.command" value="C:\Users\RENAN~1.APO\AppData\Local\Temp\surefire3873326989998866926\surefirebooter7489903744893912745.jar C:\Users\renan.apolinario\AppData\Local\Temp\surefire3873326989998866926 2018-01-31T14-04-36_496-jvmRun1 surefire6827003624673645912tmp surefire_08704391534023919136tmp"/>
    <property name="surefire.test.class.path" value="C:\Users\renan.apolinario\Desktop\Workspace\TestCorreios\target\test-classes;C:\Users\renan.apolinario\Desktop\Workspace\TestCorreios\target\Correios-1.0.jar;C:\Users\renan.apolinario\.m2\repository\net\serenity-bdd\serenity-core\1.3.0\serenity-core-1.3.0.jar;C:\Users\renan.apolinario\.m2\repository\com\google\guava\guava\21.0\guava-21.0.jar;C:\Users\renan.apolinario\.m2\repository\com\google\code\findbugs\jsr305\3.0.1\jsr305-3.0.1.jar;C:\Users\renan.apolinario\.m2\repository\com\google\inject\guice\3.0\guice-3.0.jar;C:\Users\renan.apolinario\.m2\repository\javax\inject\javax.inject\1\javax.inject-1.jar;C:\Users\renan.apolinario\.m2\repository\aopalliance\aopalliance\1.0\aopalliance-1.0.jar;C:\Users\renan.apolinario\.m2\repository\cglib\cglib\3.1\cglib-3.1.jar;C:\Users\renan.apolinario\.m2\repository\org\ow2\asm\asm\5.0.3\asm-5.0.3.jar;C:\Users\renan.apolinario\.m2\repository\commons-codec\commons-codec\1.10\commons-codec-1.10.jar;C:\Users\renan.apolinario\.m2\repository\org\objenesis\objenesis\2.1\objenesis-2.1.jar;C:\Users\renan.apolinario\.m2\repository\org\slf4j\slf4j-api\1.7.22\slf4j-api-1.7.22.jar;C:\Users\renan.apolinario\.m2\repository\xml-apis\xml-apis\1.4.01\xml-apis-1.4.01.jar;C:\Users\renan.apolinario\.m2\repository\info\cukes\cucumber-core\1.2.5\cucumber-core-1.2.5.jar;C:\Users\renan.apolinario\.m2\repository\info\cukes\cucumber-html\0.2.3\cucumber-html-0.2.3.jar;C:\Users\renan.apolinario\.m2\repository\info\cukes\cucumber-jvm-deps\1.0.5\cucumber-jvm-deps-1.0.5.jar;C:\Users\renan.apolinario\.m2\repository\info\cukes\gherkin\2.12.2\gherkin-2.12.2.jar;C:\Users\renan.apolinario\.m2\repository\commons-logging\commons-logging\1.2\commons-logging-1.2.jar;C:\Users\renan.apolinario\.m2\repository\org\mockito\mockito-core\1.10.19\mockito-core-1.10.19.jar;C:\Users\renan.apolinario\.m2\repository\net\bytebuddy\byte-buddy\1.6.12\byte-buddy-1.6.12.jar;C:\Users\renan.apolinario\.m2\repository\com\google\code\gson\gson\2.8.0\gson-2.8.0.jar;C:\Users\renan.apolinario\.m2\repository\commons-io\commons-io\2.5\commons-io-2.5.jar;C:\Users\renan.apolinario\.m2\repository\com\opera\operadriver\1.5\operadriver-1.5.jar;C:\Users\renan.apolinario\.m2\repository\com\opera\operalaunchers\1.1\operalaunchers-1.1.jar;C:\Users\renan.apolinario\.m2\repository\com\google\protobuf\protobuf-java\2.4.1\protobuf-java-2.4.1.jar;C:\Users\renan.apolinario\.m2\repository\commons-jxpath\commons-jxpath\1.3\commons-jxpath-1.3.jar;C:\Users\renan.apolinario\.m2\repository\org\ini4j\ini4j\0.5.2\ini4j-0.5.2.jar;C:\Users\renan.apolinario\.m2\repository\com\codeborne\phantomjsdriver\1.2.1\phantomjsdriver-1.2.1.jar;C:\Users\renan.apolinario\.m2\repository\org\seleniumhq\selenium\htmlunit-driver\2.21\htmlunit-driver-2.21.jar;C:\Users\renan.apolinario\.m2\repository\io\appium\java-client\4.0.0\java-client-4.0.0.jar;C:\Users\renan.apolinario\.m2\repository\commons-validator\commons-validator\1.5.0\commons-validator-1.5.0.jar;C:\Users\renan.apolinario\.m2\repository\commons-beanutils\commons-beanutils\1.9.3\commons-beanutils-1.9.3.jar;C:\Users\renan.apolinario\.m2\repository\commons-digester\commons-digester\2.1\commons-digester-2.1.jar;C:\Users\renan.apolinario\.m2\repository\org\codehaus\groovy\groovy\2.4.7\groovy-2.4.7.jar;C:\Users\renan.apolinario\.m2\repository\net\sf\opencsv\opencsv\2.0\opencsv-2.0.jar;C:\Users\renan.apolinario\.m2\repository\commons-beanutils\commons-beanutils-core\1.8.3\commons-beanutils-core-1.8.3.jar;C:\Users\renan.apolinario\.m2\repository\com\googlecode\lambdaj\lambdaj\2.3.3\lambdaj-2.3.3.jar;C:\Users\renan.apolinario\.m2\repository\joda-time\joda-time\2.9.7\joda-time-2.9.7.jar;C:\Users\renan.apolinario\.m2\repository\com\thoughtworks\xstream\xstream\1.4.9\xstream-1.4.9.jar;C:\Users\renan.apolinario\.m2\repository\xmlpull\xmlpull\1.1.3.1\xmlpull-1.1.3.1.jar;C:\Users\renan.apolinario\.m2\repository\xpp3\xpp3_min\1.1.4c\xpp3_min-1.1.4c.jar;C:\Users\renan.apolinario\.m2\repository\org\apache\commons\commons-lang3\3.4\commons-lang3-3.4.jar;C:\Users\renan.apolinario\.m2\repository\commons-collections\commons-collections\3.2.2\commons-collections-3.2.2.jar;C:\Users\renan.apolinario\.m2\repository\org\freemarker\freemarker\2.3.25-incubating\freemarker-2.3.25-incubating.jar;C:\Users\renan.apolinario\.m2\repository\net\sourceforge\jexcelapi\jxl\2.6.12\jxl-2.6.12.jar;C:\Users\renan.apolinario\.m2\repository\org\hamcrest\hamcrest-core\1.3\hamcrest-core-1.3.jar;C:\Users\renan.apolinario\.m2\repository\org\hamcrest\hamcrest-library\1.3\hamcrest-library-1.3.jar;C:\Users\renan.apolinario\.m2\repository\net\sourceforge\htmlunit\htmlunit\2.21\htmlunit-2.21.jar;C:\Users\renan.apolinario\.m2\repository\net\sourceforge\htmlunit\htmlunit-core-js\2.17\htmlunit-core-js-2.17.jar;C:\Users\renan.apolinario\.m2\repository\net\sourceforge\htmlunit\neko-htmlunit\2.21\neko-htmlunit-2.21.jar;C:\Users\renan.apolinario\.m2\repository\xerces\xercesImpl\2.11.0\xercesImpl-2.11.0.jar;C:\Users\renan.apolinario\.m2\repository\net\sourceforge\cssparser\cssparser\0.9.18\cssparser-0.9.18.jar;C:\Users\renan.apolinario\.m2\repository\org\w3c\css\sac\1.3\sac-1.3.jar;C:\Users\renan.apolinario\.m2\repository\org\eclipse\jetty\websocket\websocket-client\9.4.1.v20170120\websocket-client-9.4.1.v20170120.jar;C:\Users\renan.apolinario\.m2\repository\org\eclipse\jetty\jetty-util\9.4.1.v20170120\jetty-util-9.4.1.v20170120.jar;C:\Users\renan.apolinario\.m2\repository\org\eclipse\jetty\jetty-io\9.4.1.v20170120\jetty-io-9.4.1.v20170120.jar;C:\Users\renan.apolinario\.m2\repository\org\eclipse\jetty\jetty-client\9.4.1.v20170120\jetty-client-9.4.1.v20170120.jar;C:\Users\renan.apolinario\.m2\repository\org\eclipse\jetty\jetty-http\9.4.1.v20170120\jetty-http-9.4.1.v20170120.jar;C:\Users\renan.apolinario\.m2\repository\org\eclipse\jetty\websocket\websocket-common\9.4.1.v20170120\websocket-common-9.4.1.v20170120.jar;C:\Users\renan.apolinario\.m2\repository\org\eclipse\jetty\websocket\websocket-api\9.4.1.v20170120\websocket-api-9.4.1.v20170120.jar;C:\Users\renan.apolinario\.m2\repository\org\apache\httpcomponents\httpclient\4.5.2\httpclient-4.5.2.jar;C:\Users\renan.apolinario\.m2\repository\org\apache\httpcomponents\httpcore\4.4.6\httpcore-4.4.6.jar;C:\Users\renan.apolinario\.m2\repository\org\apache\httpcomponents\httpmime\4.5.2\httpmime-4.5.2.jar;C:\Users\renan.apolinario\.m2\repository\org\fluentlenium\fluentlenium-core\0.10.2\fluentlenium-core-0.10.2.jar;C:\Users\renan.apolinario\.m2\repository\com\jhlabs\filters\2.0.235\filters-2.0.235.jar;C:\Users\renan.apolinario\.m2\repository\org\asciidoctor\asciidoctor-java-integration\0.1.4\asciidoctor-java-integration-0.1.4.jar;C:\Users\renan.apolinario\.m2\repository\org\jruby\jruby-complete\1.7.4\jruby-complete-1.7.4.jar;C:\Users\renan.apolinario\.m2\repository\org\imgscalr\imgscalr-lib\4.2\imgscalr-lib-4.2.jar;C:\Users\renan.apolinario\.m2\repository\javax\validation\validation-api\1.1.0.Final\validation-api-1.1.0.Final.jar;C:\Users\renan.apolinario\.m2\repository\org\hibernate\hibernate-validator\5.3.4.Final\hibernate-validator-5.3.4.Final.jar;C:\Users\renan.apolinario\.m2\repository\org\jboss\logging\jboss-logging\3.3.0.Final\jboss-logging-3.3.0.Final.jar;C:\Users\renan.apolinario\.m2\repository\com\fasterxml\classmate\1.3.3\classmate-1.3.3.jar;C:\Users\renan.apolinario\.m2\repository\javax\el\javax.el-api\2.2.4\javax.el-api-2.2.4.jar;C:\Users\renan.apolinario\.m2\repository\org\glassfish\web\javax.el\2.2.4\javax.el-2.2.4.jar;C:\Users\renan.apolinario\.m2\repository\xalan\xalan\2.7.2\xalan-2.7.2.jar;C:\Users\renan.apolinario\.m2\repository\xalan\serializer\2.7.2\serializer-2.7.2.jar;C:\Users\renan.apolinario\.m2\repository\com\jayway\awaitility\awaitility\1.6.3\awaitility-1.6.3.jar;C:\Users\renan.apolinario\.m2\repository\com\typesafe\config\1.2.1\config-1.2.1.jar;C:\Users\renan.apolinario\.m2\repository\org\jsoup\jsoup\1.9.2\jsoup-1.9.2.jar;C:\Users\renan.apolinario\.m2\repository\com\google\jimfs\jimfs\1.0\jimfs-1.0.jar;C:\Users\renan.apolinario\.m2\repository\es\nitaur\markdown\txtmark\0.16\txtmark-0.16.jar;C:\Users\renan.apolinario\.m2\repository\net\serenity-bdd\serenity-report-resources\1.3.0\serenity-report-resources-1.3.0.jar;C:\Users\renan.apolinario\.m2\repository\net\serenity-bdd\serenity-cucumber\1.0.3\serenity-cucumber-1.0.3.jar;C:\Users\renan.apolinario\.m2\repository\net\serenity-bdd\core\1.0.16\core-1.0.16.jar;C:\Users\renan.apolinario\.m2\repository\com\fasterxml\jackson\datatype\jackson-datatype-joda\2.8.6\jackson-datatype-joda-2.8.6.jar;C:\Users\renan.apolinario\.m2\repository\com\fasterxml\jackson\datatype\jackson-datatype-guava\2.8.6\jackson-datatype-guava-2.8.6.jar;C:\Users\renan.apolinario\.m2\repository\com\github\detro\phantomjsdriver\1.2.0\phantomjsdriver-1.2.0.jar;C:\Users\renan.apolinario\.m2\repository\net\sf\flexjson\flexjson\2.1\flexjson-2.1.jar;C:\Users\renan.apolinario\.m2\repository\asm\asm\3.3.1\asm-3.3.1.jar;C:\Users\renan.apolinario\.m2\repository\info\cukes\cucumber-java\1.2.0\cucumber-java-1.2.0.jar;C:\Users\renan.apolinario\.m2\repository\info\cukes\cucumber-junit\1.2.0\cucumber-junit-1.2.0.jar;C:\Users\renan.apolinario\.m2\repository\org\reflections\reflections\0.9.8\reflections-0.9.8.jar;C:\Users\renan.apolinario\.m2\repository\javassist\javassist\3.12.1.GA\javassist-3.12.1.GA.jar;C:\Users\renan.apolinario\.m2\repository\dom4j\dom4j\1.6.1\dom4j-1.6.1.jar;C:\Users\renan.apolinario\.m2\repository\net\serenity-bdd\serenity-spring\1.3.0\serenity-spring-1.3.0.jar;C:\Users\renan.apolinario\.m2\repository\net\serenity-bdd\serenity-junit\1.3.0\serenity-junit-1.3.0.jar;C:\Users\renan.apolinario\.m2\repository\org\springframework\spring-test\4.2.2.RELEASE\spring-test-4.2.2.RELEASE.jar;C:\Users\renan.apolinario\.m2\repository\org\springframework\spring-core\4.2.2.RELEASE\spring-core-4.2.2.RELEASE.jar;C:\Users\renan.apolinario\.m2\repository\org\springframework\spring-context\4.2.2.RELEASE\spring-context-4.2.2.RELEASE.jar;C:\Users\renan.apolinario\.m2\repository\org\springframework\spring-aop\4.2.2.RELEASE\spring-aop-4.2.2.RELEASE.jar;C:\Users\renan.apolinario\.m2\repository\org\springframework\spring-beans\4.2.2.RELEASE\spring-beans-4.2.2.RELEASE.jar;C:\Users\renan.apolinario\.m2\repository\org\springframework\spring-expression\4.2.2.RELEASE\spring-expression-4.2.2.RELEASE.jar;C:\Users\renan.apolinario\.m2\repository\org\springframework\spring-context-support\4.2.2.RELEASE\spring-context-support-4.2.2.RELEASE.jar;C:\Users\renan.apolinario\.m2\repository\org\slf4j\slf4j-simple\1.6.1\slf4j-simple-1.6.1.jar;C:\Users\renan.apolinario\.m2\repository\junit\junit\4.11\junit-4.11.jar;C:\Users\renan.apolinario\.m2\repository\org\assertj\assertj-core\1.7.0\assertj-core-1.7.0.jar;C:\Users\renan.apolinario\.m2\repository\org\seleniumhq\selenium\selenium-server\3.0.1\selenium-server-3.0.1.jar;C:\Users\renan.apolinario\.m2\repository\org\seleniumhq\selenium\selenium-java\2.53.1\selenium-java-2.53.1.jar;C:\Users\renan.apolinario\.m2\repository\org\seleniumhq\selenium\selenium-chrome-driver\2.53.1\selenium-chrome-driver-2.53.1.jar;C:\Users\renan.apolinario\.m2\repository\org\seleniumhq\selenium\selenium-remote-driver\2.53.1\selenium-remote-driver-2.53.1.jar;C:\Users\renan.apolinario\.m2\repository\org\seleniumhq\selenium\selenium-api\2.53.1\selenium-api-2.53.1.jar;C:\Users\renan.apolinario\.m2\repository\org\seleniumhq\selenium\selenium-edge-driver\2.53.1\selenium-edge-driver-2.53.1.jar;C:\Users\renan.apolinario\.m2\repository\org\apache\commons\commons-exec\1.3\commons-exec-1.3.jar;C:\Users\renan.apolinario\.m2\repository\org\seleniumhq\selenium\selenium-firefox-driver\2.53.1\selenium-firefox-driver-2.53.1.jar;C:\Users\renan.apolinario\.m2\repository\org\seleniumhq\selenium\selenium-ie-driver\2.53.1\selenium-ie-driver-2.53.1.jar;C:\Users\renan.apolinario\.m2\repository\net\java\dev\jna\jna\4.2.2\jna-4.2.2.jar;C:\Users\renan.apolinario\.m2\repository\net\java\dev\jna\jna-platform\4.1.0\jna-platform-4.1.0.jar;C:\Users\renan.apolinario\.m2\repository\org\seleniumhq\selenium\selenium-safari-driver\2.53.1\selenium-safari-driver-2.53.1.jar;C:\Users\renan.apolinario\.m2\repository\io\netty\netty\3.5.7.Final\netty-3.5.7.Final.jar;C:\Users\renan.apolinario\.m2\repository\org\seleniumhq\selenium\selenium-support\2.53.1\selenium-support-2.53.1.jar;C:\Users\renan.apolinario\.m2\repository\org\seleniumhq\selenium\selenium-leg-rc\2.53.1\selenium-leg-rc-2.53.1.jar;C:\Users\renan.apolinario\.m2\repository\com\beust\jcommander\1.48\jcommander-1.48.jar;C:\Users\renan.apolinario\.m2\repository\net\jcip\jcip-annotations\1.0\jcip-annotations-1.0.jar;C:\Users\renan.apolinario\.m2\repository\org\seleniumhq\selenium\jetty-repacked\9.2.13.v20160825\jetty-repacked-9.2.13.v20160825.jar;C:\Users\renan.apolinario\.m2\repository\javax\servlet\javax.servlet-api\3.1.0\javax.servlet-api-3.1.0.jar;C:\Users\renan.apolinario\.m2\repository\org\yaml\snakeyaml\1.17\snakeyaml-1.17.jar;C:\Users\renan.apolinario\.m2\repository\io\openbdt\openbdt.core\1.0\openbdt.core-1.0.jar;C:\Users\renan.apolinario\.m2\repository\org\springframework\boot\spring-boot-starter-web\1.5.1.RELEASE\spring-boot-starter-web-1.5.1.RELEASE.jar;C:\Users\renan.apolinario\.m2\repository\org\springframework\boot\spring-boot-starter\1.5.1.RELEASE\spring-boot-starter-1.5.1.RELEASE.jar;C:\Users\renan.apolinario\.m2\repository\org\springframework\boot\spring-boot\1.5.1.RELEASE\spring-boot-1.5.1.RELEASE.jar;C:\Users\renan.apolinario\.m2\repository\org\springframework\boot\spring-boot-autoconfigure\1.5.1.RELEASE\spring-boot-autoconfigure-1.5.1.RELEASE.jar;C:\Users\renan.apolinario\.m2\repository\org\springframework\boot\spring-boot-starter-logging\1.5.1.RELEASE\spring-boot-starter-logging-1.5.1.RELEASE.jar;C:\Users\renan.apolinario\.m2\repository\ch\qos\logback\logback-classic\1.1.9\logback-classic-1.1.9.jar;C:\Users\renan.apolinario\.m2\repository\ch\qos\logback\logback-core\1.1.9\logback-core-1.1.9.jar;C:\Users\renan.apolinario\.m2\repository\org\slf4j\jcl-over-slf4j\1.7.22\jcl-over-slf4j-1.7.22.jar;C:\Users\renan.apolinario\.m2\repository\org\slf4j\jul-to-slf4j\1.7.22\jul-to-slf4j-1.7.22.jar;C:\Users\renan.apolinario\.m2\repository\org\slf4j\log4j-over-slf4j\1.7.22\log4j-over-slf4j-1.7.22.jar;C:\Users\renan.apolinario\.m2\repository\org\springframework\boot\spring-boot-starter-tomcat\1.5.1.RELEASE\spring-boot-starter-tomcat-1.5.1.RELEASE.jar;C:\Users\renan.apolinario\.m2\repository\org\apache\tomcat\embed\tomcat-embed-core\8.5.11\tomcat-embed-core-8.5.11.jar;C:\Users\renan.apolinario\.m2\repository\org\apache\tomcat\embed\tomcat-embed-el\8.5.11\tomcat-embed-el-8.5.11.jar;C:\Users\renan.apolinario\.m2\repository\org\apache\tomcat\embed\tomcat-embed-websocket\8.5.11\tomcat-embed-websocket-8.5.11.jar;C:\Users\renan.apolinario\.m2\repository\org\springframework\spring-web\4.2.2.RELEASE\spring-web-4.2.2.RELEASE.jar;C:\Users\renan.apolinario\.m2\repository\org\springframework\spring-webmvc\4.2.2.RELEASE\spring-webmvc-4.2.2.RELEASE.jar;C:\Users\renan.apolinario\.m2\repository\org\springframework\boot\spring-boot-starter-test\1.5.1.RELEASE\spring-boot-starter-test-1.5.1.RELEASE.jar;C:\Users\renan.apolinario\.m2\repository\org\springframework\boot\spring-boot-test\1.5.1.RELEASE\spring-boot-test-1.5.1.RELEASE.jar;C:\Users\renan.apolinario\.m2\repository\org\springframework\boot\spring-boot-test-autoconfigure\1.5.1.RELEASE\spring-boot-test-autoconfigure-1.5.1.RELEASE.jar;C:\Users\renan.apolinario\.m2\repository\com\jayway\jsonpath\json-path\2.2.0\json-path-2.2.0.jar;C:\Users\renan.apolinario\.m2\repository\net\minidev\json-smart\2.2.1\json-smart-2.2.1.jar;C:\Users\renan.apolinario\.m2\repository\net\minidev\accessors-smart\1.1\accessors-smart-1.1.jar;C:\Users\renan.apolinario\.m2\repository\org\skyscreamer\jsonassert\1.4.0\jsonassert-1.4.0.jar;C:\Users\renan.apolinario\.m2\repository\com\vaadin\external\google\android-json\0.0.20131108.vaadin1\android-json-0.0.20131108.vaadin1.jar;C:\Users\renan.apolinario\.m2\repository\info\cukes\cucumber-spring\1.2.5\cucumber-spring-1.2.5.jar;C:\Users\renan.apolinario\.m2\repository\org\hamcrest\hamcrest-all\1.3\hamcrest-all-1.3.jar;C:\Users\renan.apolinario\.m2\repository\io\openbdt\openbdt.adapter.selenium\1.0\openbdt.adapter.selenium-1.0.jar;C:\Users\renan.apolinario\.m2\repository\io\openbdt\openbdt.plugin.maven\1.0\openbdt.plugin.maven-1.0.jar;C:\Users\renan.apolinario\.m2\repository\org\apache\maven\maven-plugin-api\2.0\maven-plugin-api-2.0.jar;C:\Users\renan.apolinario\.m2\repository\org\codehaus\plexus\plexus-utils\3.0.24\plexus-utils-3.0.24.jar;C:\Users\renan.apolinario\.m2\repository\io\openbdt\openbdt.report\1.0\openbdt.report-1.0.jar;C:\Users\renan.apolinario\.m2\repository\org\apache\velocity\velocity\1.7\velocity-1.7.jar;C:\Users\renan.apolinario\.m2\repository\commons-lang\commons-lang\2.4\commons-lang-2.4.jar;C:\Users\renan.apolinario\.m2\repository\velocity-tools\velocity-tools\1.4\velocity-tools-1.4.jar;C:\Users\renan.apolinario\.m2\repository\com\googlecode\owasp-java-html-sanitizer\owasp-java-html-sanitizer\20170515.1\owasp-java-html-sanitizer-20170515.1.jar;C:\Users\renan.apolinario\.m2\repository\com\fasterxml\jackson\core\jackson-databind\2.9.0\jackson-databind-2.9.0.jar;C:\Users\renan.apolinario\.m2\repository\com\fasterxml\jackson\core\jackson-annotations\2.8.0\jackson-annotations-2.8.0.jar;C:\Users\renan.apolinario\.m2\repository\com\fasterxml\jackson\core\jackson-core\2.8.6\jackson-core-2.8.6.jar;C:\Users\renan.apolinario\.m2\repository\org\apache\maven\plugins\maven-archetype-plugin\3.0.1\maven-archetype-plugin-3.0.1.jar;C:\Users\renan.apolinario\.m2\repository\org\apache\maven\archetype\archetype-catalog\3.0.1\archetype-catalog-3.0.1.jar;C:\Users\renan.apolinario\.m2\repository\org\apache\maven\archetype\archetype-descriptor\3.0.1\archetype-descriptor-3.0.1.jar;C:\Users\renan.apolinario\.m2\repository\org\apache\maven\archetype\archetype-common\3.0.1\archetype-common-3.0.1.jar;C:\Users\renan.apolinario\.m2\repository\net\sourceforge\jchardet\jchardet\1.0\jchardet-1.0.jar;C:\Users\renan.apolinario\.m2\repository\org\codehaus\plexus\plexus-component-annotations\1.5.5\plexus-component-annotations-1.5.5.jar;C:\Users\renan.apolinario\.m2\repository\jdom\jdom\1.0\jdom-1.0.jar;C:\Users\renan.apolinario\.m2\repository\org\apache\maven\maven-artifact\3.0\maven-artifact-3.0.jar;C:\Users\renan.apolinario\.m2\repository\org\apache\maven\maven-settings-builder\3.0\maven-settings-builder-3.0.jar;C:\Users\renan.apolinario\.m2\repository\org\codehaus\plexus\plexus-velocity\1.1.8\plexus-velocity-1.1.8.jar;C:\Users\renan.apolinario\.m2\repository\org\apache\maven\wagon\wagon-provider-api\2.8\wagon-provider-api-2.8.jar;C:\Users\renan.apolinario\.m2\repository\org\codehaus\plexus\plexus-interactivity-api\1.0-alpha-6\plexus-interactivity-api-1.0-alpha-6.jar;C:\Users\renan.apolinario\.m2\repository\org\apache\maven\maven-core\3.0\maven-core-3.0.jar;C:\Users\renan.apolinario\.m2\repository\org\apache\maven\maven-repository-metadata\3.0\maven-repository-metadata-3.0.jar;C:\Users\renan.apolinario\.m2\repository\org\apache\maven\maven-model-builder\3.0\maven-model-builder-3.0.jar;C:\Users\renan.apolinario\.m2\repository\org\apache\maven\maven-aether-provider\3.0\maven-aether-provider-3.0.jar;C:\Users\renan.apolinario\.m2\repository\org\sonatype\aether\aether-impl\1.7\aether-impl-1.7.jar;C:\Users\renan.apolinario\.m2\repository\org\sonatype\aether\aether-spi\1.7\aether-spi-1.7.jar;C:\Users\renan.apolinario\.m2\repository\org\sonatype\aether\aether-api\1.7\aether-api-1.7.jar;C:\Users\renan.apolinario\.m2\repository\org\sonatype\aether\aether-util\1.7\aether-util-1.7.jar;C:\Users\renan.apolinario\.m2\repository\org\sonatype\sisu\sisu-inject-plexus\1.4.2\sisu-inject-plexus-1.4.2.jar;C:\Users\renan.apolinario\.m2\repository\org\sonatype\sisu\sisu-inject-bean\1.4.2\sisu-inject-bean-1.4.2.jar;C:\Users\renan.apolinario\.m2\repository\org\sonatype\sisu\sisu-guice\2.1.7\sisu-guice-2.1.7-noaop.jar;C:\Users\renan.apolinario\.m2\repository\org\codehaus\plexus\plexus-interpolation\1.14\plexus-interpolation-1.14.jar;C:\Users\renan.apolinario\.m2\repository\org\codehaus\plexus\plexus-classworlds\2.2.3\plexus-classworlds-2.2.3.jar;C:\Users\renan.apolinario\.m2\repository\org\sonatype\plexus\plexus-sec-dispatcher\1.3\plexus-sec-dispatcher-1.3.jar;C:\Users\renan.apolinario\.m2\repository\org\sonatype\plexus\plexus-cipher\1.4\plexus-cipher-1.4.jar;C:\Users\renan.apolinario\.m2\repository\org\apache\maven\maven-model\3.0\maven-model-3.0.jar;C:\Users\renan.apolinario\.m2\repository\org\apache\maven\maven-settings\3.0\maven-settings-3.0.jar;C:\Users\renan.apolinario\.m2\repository\org\apache\maven\shared\maven-invoker\2.2\maven-invoker-2.2.jar;C:\Users\renan.apolinario\.m2\repository\org\apache\maven\shared\maven-artifact-transfer\0.9.0\maven-artifact-transfer-0.9.0.jar;C:\Users\renan.apolinario\.m2\repository\org\apache\maven\shared\maven-common-artifact-filters\3.0.0\maven-common-artifact-filters-3.0.0.jar;C:\Users\renan.apolinario\.m2\repository\org\apache\maven\shared\maven-shared-utils\3.0.0\maven-shared-utils-3.0.0.jar;C:\Users\renan.apolinario\.m2\repository\org\apache\maven\shared\maven-script-interpreter\1.0\maven-script-interpreter-1.0.jar;C:\Users\renan.apolinario\.m2\repository\org\beanshell\bsh\2.0b4\bsh-2.0b4.jar;C:\Users\renan.apolinario\.m2\repository\org\apache\ant\ant\1.8.1\ant-1.8.1.jar;C:\Users\renan.apolinario\.m2\repository\org\awaitility\awaitility\2.0.0\awaitility-2.0.0.jar;C:\Users\renan.apolinario\.m2\repository\cglib\cglib-nodep\3.1\cglib-nodep-3.1.jar;"/>
    <property name="sun.cpu.endian" value="little"/>
    <property name="user.home" value="C:\Users\renan.apolinario"/>
    <property name="user.language" value="pt"/>
    <property name="java.specification.vendor" value="Oracle Corporation"/>
    <property name="java.home" value="C:\Program Files\Java\jdk1.8.0_151\jre"/>
    <property name="basedir" value="C:\Users\renan.apolinario\Desktop\Workspace\TestCorreios"/>
    <property name="file.separator" value="\"/>
    <property name="line.separator" value="&#10;"/>
    <property name="java.vm.specification.vendor" value="Oracle Corporation"/>
    <property name="java.specification.name" value="Java Platform API Specification"/>
    <property name="java.awt.graphicsenv" value="sun.awt.Win32GraphicsEnvironment"/>
    <property name="surefire.real.class.path" value="C:\Users\RENAN~1.APO\AppData\Local\Temp\surefire3873326989998866926\surefirebooter7489903744893912745.jar"/>
    <property name="sun.boot.class.path" value="C:\Program Files\Java\jdk1.8.0_151\jre\lib\resources.jar;C:\Program Files\Java\jdk1.8.0_151\jre\lib\rt.jar;C:\Program Files\Java\jdk1.8.0_151\jre\lib\sunrsasign.jar;C:\Program Files\Java\jdk1.8.0_151\jre\lib\jsse.jar;C:\Program Files\Java\jdk1.8.0_151\jre\lib\jce.jar;C:\Program Files\Java\jdk1.8.0_151\jre\lib\charsets.jar;C:\Program Files\Java\jdk1.8.0_151\jre\lib\jfr.jar;C:\Program Files\Java\jdk1.8.0_151\jre\classes"/>
    <property name="user.script" value=""/>
    <property name="sun.management.compiler" value="HotSpot 64-Bit Tiered Compilers"/>
    <property name="java.runtime.version" value="1.8.0_151-b12"/>
    <property name="user.name" value="renan.apolinario"/>
    <property name="path.separator" value=";"/>
    <property name="os.version" value="6.1"/>
    <property name="java.endorsed.dirs" value="C:\Program Files\Java\jdk1.8.0_151\jre\lib\endorsed"/>
    <property name="java.runtime.name" value="Java(TM) SE Runtime Environment"/>
    <property name="file.encoding" value="Cp1252"/>
    <property name="java.vm.name" value="Java HotSpot(TM) 64-Bit Server VM"/>
    <property name="localRepository" value="C:\Users\renan.apolinario\.m2\repository"/>
    <property name="java.vendor.url.bug" value="http://bugreport.sun.com/bugreport/"/>
    <property name="java.io.tmpdir" value="C:\Users\RENAN~1.APO\AppData\Local\Temp\"/>
    <property name="java.version" value="1.8.0_151"/>
    <property name="user.dir" value="C:\Users\renan.apolinario\Desktop\Workspace\TestCorreios"/>
    <property name="os.arch" value="amd64"/>
    <property name="java.vm.specification.name" value="Java Virtual Machine Specification"/>
    <property name="java.awt.printerjob" value="sun.awt.windows.WPrinterJob"/>
    <property name="sun.os.patch.level" value="Service Pack 1"/>
    <property name="java.library.path" value="C:\Program Files\Java\jdk1.8.0_151\jre\bin;C:\windows\Sun\Java\bin;C:\windows\system32;C:\windows;C:\Program Files\Java\jdk1.8.0_151/bin;C:\Program Files\Java\jdk1.8.0_151/bin;c:\program files\graphicsmagick-1.3.26-q8;C:\Program Files\Common Files\Microsoft Shared\Microsoft Online Services;C:\Program Files (x86)\Common Files\Microsoft Shared\Microsoft Online Services;C:\windows\system32;C:\windows;C:\windows\System32\Wbem;C:\windows\System32\WindowsPowerShell\v1.0\;C:\Program Files (x86)\Attachmate\EXTRA!\;C:\Program Files (x86)\Microsoft SQL Server\100\Tools\Binn\;C:\Program Files (x86)\Microsoft SQL Server\100\DTS\Binn\;C:\Users\dorival.silva\.dnx\bin;C:\Program Files\Microsoft DNX\Dnvm\;C:\Program Files\Microsoft SQL Server\130\Tools\Binn\;C:\Program Files (x86)\HP\Unified Functional Testing\bin;C:\android-sdk\build-tools\24.0.1;C:\android-sdk\platform-tools;C:\android-sdk\tools;C:\Program Files\IBM\MobileFirst-CLI\;C:\apache-maven-3.3.9\bin;C:\Program Files\nodejs\;C:\Program Files (x86)\WinMerge;C:\Program Files (x86)\Windows Kits\8.1\Windows Performance Toolkit\;C:\Program Files (x86)\PuTTY\;C:\Program Files\apache-maven-3.5.2\bin;C:\Program Files\Java\jdk1.8.0_151\bin;C:\Program Files\Java\jdk1.8.0_151\lib;C:\Program Files\Java\jdk1.8.0_151\lib\tools.jar;C:\Program Files\Java\jdk1.8.0_151\lib\dt.jar;C:\Program Files\Java\jdk1.8.0_151\jre\lib;C:\Program Files\Java\jdk1.8.0_151\jre\lib\rt.jar;;."/>
    <property name="java.vm.info" value="mixed mode"/>
    <property name="java.vendor" value="Oracle Corporation"/>
    <property name="java.vm.version" value="25.151-b12"/>
    <property name="java.ext.dirs" value="C:\Program Files\Java\jdk1.8.0_151\jre\lib\ext;C:\windows\Sun\Java\lib\ext"/>
    <property name="sun.io.unicode.encoding" value="UnicodeLittle"/>
    <property name="java.class.version" value="52.0"/>
  </properties>
  <testcase name="test" classname="br.com.correios.runner.ExecutarTest" time="266.049"/>
</testsuite>